# JRE version: 7.0_21-b11
# Java VM: Java HotSpot(TM) 64-Bit Server VM (23.21-b01 mixed mode windows-amd64 compressed oops)
Heap
 PSYoungGen      total 252288K, used 117052K [0x00000000d8000000, 0x00000000f1450000, 0x0000000100000000)
  eden space 245056K, 44% used [0x00000000d8000000,0x00000000deb430b0,0x00000000e6f50000)
  from space 7232K, 99% used [0x00000000e6f50000,0x00000000e765c090,0x00000000e7660000)
  to   space 10944K, 0% used [0x00000000f09a0000,0x00000000f09a0000,0x00000000f1450000)
 ParOldGen       total 81920K, used 13333K [0x0000000088000000, 0x000000008d000000, 0x00000000d8000000)
  object space 81920K, 16% used [0x0000000088000000,0x0000000088d05718,0x000000008d000000)
 PSPermGen       total 27392K, used 27201K [0x0000000082e00000, 0x00000000848c0000, 0x0000000088000000)
  object space 27392K, 99% used [0x0000000082e00000,0x0000000084890498,0x00000000848c0000)
GC Heap History (10 events):
Event: 5.337 GC heap before
{Heap before GC invocations=5 (full 0):
 PSYoungGen      total 66560K, used 66300K [0x00000000d8000000, 0x00000000dc600000, 0x0000000100000000)
  eden space 61440K, 100% used [0x00000000d8000000,0x00000000dbc00000,0x00000000dbc00000)
  from space 5120K, 94% used [0x00000000dc100000,0x00000000dc5bf288,0x00000000dc600000)
  to   space 5120K, 0% used [0x00000000dbc00000,0x00000000dbc00000,0x00000000dc100000)
 ParOldGen       total 81920K, used 210K [0x0000000088000000, 0x000000008d000000, 0x00000000d8000000)
  object space 81920K, 0% used [0x0000000088000000,0x0000000088034b50,0x000000008d000000)
 PSPermGen       total 21248K, used 15341K [0x0000000082e00000, 0x00000000842c0000, 0x0000000088000000)
  object space 21248K, 72% used [0x0000000082e00000,0x0000000083cfb7c0,0x00000000842c0000)
Event: 5.355 GC heap after
Heap after GC invocations=5 (full 0):
 PSYoungGen      total 66560K, used 5090K [0x00000000d8000000, 0x00000000e0480000, 0x0000000100000000)
  eden space 61440K, 0% used [0x00000000d8000000,0x00000000d8000000,0x00000000dbc00000)
  from space 5120K, 99% used [0x00000000dbc00000,0x00000000dc0f8890,0x00000000dc100000)
  to   space 6400K, 0% used [0x00000000dfe40000,0x00000000dfe40000,0x00000000e0480000)
 ParOldGen       total 81920K, used 1749K [0x0000000088000000, 0x000000008d000000, 0x00000000d8000000)
  object space 81920K, 2% used [0x0000000088000000,0x00000000881b54e8,0x000000008d000000)
 PSPermGen       total 21248K, used 15341K [0x0000000082e00000, 0x00000000842c0000, 0x0000000088000000)
  object space 21248K, 72% used [0x0000000082e00000,0x0000000083cfb7c0,0x00000000842c0000)
}
Event: 6.381 GC heap before
{Heap before GC invocations=6 (full 0):
 PSYoungGen      total 66560K, used 66530K [0x00000000d8000000, 0x00000000e0480000, 0x0000000100000000)
  eden space 61440K, 100% used [0x00000000d8000000,0x00000000dbc00000,0x00000000dbc00000)
  from space 5120K, 99% used [0x00000000dbc00000,0x00000000dc0f8890,0x00000000dc100000)
  to   space 6400K, 0% used [0x00000000dfe40000,0x00000000dfe40000,0x00000000e0480000)
 ParOldGen       total 81920K, used 1749K [0x0000000088000000, 0x000000008d000000, 0x00000000d8000000)
  object space 81920K, 2% used [0x0000000088000000,0x00000000881b54e8,0x000000008d000000)
 PSPermGen       total 21248K, used 16380K [0x0000000082e00000, 0x00000000842c0000, 0x0000000088000000)
  object space 21248K, 77% used [0x0000000082e00000,0x0000000083dff0e8,0x00000000842c0000)
Event: 6.408 GC heap after
Heap after GC invocations=6 (full 0):
 PSYoungGen      total 129088K, used 5983K [0x00000000d8000000, 0x00000000e04e0000, 0x0000000100000000)
  eden space 122688K, 0% used [0x00000000d8000000,0x00000000d8000000,0x00000000df7d0000)
  from space 6400K, 93% used [0x00000000dfe40000,0x00000000e0417fb0,0x00000000e0480000)
  to   space 6592K, 0% used [0x00000000df7d0000,0x00000000df7d0000,0x00000000dfe40000)
 ParOldGen       total 81920K, used 1749K [0x0000000088000000, 0x000000008d000000, 0x00000000d8000000)
  object space 81920K, 2% used [0x0000000088000000,0x00000000881b54e8,0x000000008d000000)
 PSPermGen       total 21248K, used 16380K [0x0000000082e00000, 0x00000000842c0000, 0x0000000088000000)
  object space 21248K, 77% used [0x0000000082e00000,0x0000000083dff0e8,0x00000000842c0000)
}
Event: 8.546 GC heap before
{Heap before GC invocations=7 (full 0):
 PSYoungGen      total 129088K, used 128671K [0x00000000d8000000, 0x00000000e04e0000, 0x0000000100000000)
  eden space 122688K, 100% used [0x00000000d8000000,0x00000000df7d0000,0x00000000df7d0000)
  from space 6400K, 93% used [0x00000000dfe40000,0x00000000e0417fb0,0x00000000e0480000)
  to   space 6592K, 0% used [0x00000000df7d0000,0x00000000df7d0000,0x00000000dfe40000)
 ParOldGen       total 81920K, used 1749K [0x0000000088000000, 0x000000008d000000, 0x00000000d8000000)
  object space 81920K, 2% used [0x0000000088000000,0x00000000881b54e8,0x000000008d000000)
 PSPermGen       total 21248K, used 19520K [0x0000000082e00000, 0x00000000842c0000, 0x0000000088000000)
  object space 21248K, 91% used [0x0000000082e00000,0x0000000084110258,0x00000000842c0000)
Event: 8.569 GC heap after
Heap after GC invocations=7 (full 0):
 PSYoungGen      total 129280K, used 6346K [0x00000000d8000000, 0x00000000e7d20000, 0x0000000100000000)
  eden space 122688K, 0% used [0x00000000d8000000,0x00000000d8000000,0x00000000df7d0000)
  from space 6592K, 96% used [0x00000000df7d0000,0x00000000dfe02bf0,0x00000000dfe40000)
  to   space 6912K, 0% used [0x00000000e7660000,0x00000000e7660000,0x00000000e7d20000)
 ParOldGen       total 81920K, used 3996K [0x0000000088000000, 0x000000008d000000, 0x00000000d8000000)
  object space 81920K, 4% used [0x0000000088000000,0x00000000883e7040,0x000000008d000000)
 PSPermGen       total 21248K, used 19520K [0x0000000082e00000, 0x00000000842c0000, 0x0000000088000000)
  object space 21248K, 91% used [0x0000000082e00000,0x0000000084110258,0x00000000842c0000)
}
Event: 10.586 GC heap before
{Heap before GC invocations=8 (full 0):
 PSYoungGen      total 129280K, used 129034K [0x00000000d8000000, 0x00000000e7d20000, 0x0000000100000000)
  eden space 122688K, 100% used [0x00000000d8000000,0x00000000df7d0000,0x00000000df7d0000)
  from space 6592K, 96% used [0x00000000df7d0000,0x00000000dfe02bf0,0x00000000dfe40000)
  to   space 6912K, 0% used [0x00000000e7660000,0x00000000e7660000,0x00000000e7d20000)
 ParOldGen       total 81920K, used 3996K [0x0000000088000000, 0x000000008d000000, 0x00000000d8000000)
  object space 81920K, 4% used [0x0000000088000000,0x00000000883e7040,0x000000008d000000)
 PSPermGen       total 22976K, used 22808K [0x0000000082e00000, 0x0000000084470000, 0x0000000088000000)
  object space 22976K, 99% used [0x0000000082e00000,0x00000000844463f0,0x0000000084470000)
Event: 10.632 GC heap after
Heap after GC invocations=8 (full 0):
 PSYoungGen      total 251968K, used 6609K [0x00000000d8000000, 0x00000000e7dc0000, 0x0000000100000000)
  eden space 245056K, 0% used [0x00000000d8000000,0x00000000d8000000,0x00000000e6f50000)
  from space 6912K, 95% used [0x00000000e7660000,0x00000000e7cd4728,0x00000000e7d20000)
  to   space 7232K, 0% used [0x00000000e6f50000,0x00000000e6f50000,0x00000000e7660000)
 ParOldGen       total 81920K, used 5255K [0x0000000088000000, 0x000000008d000000, 0x00000000d8000000)
  object space 81920K, 6% used [0x0000000088000000,0x0000000088521c28,0x000000008d000000)
 PSPermGen       total 22976K, used 22808K [0x0000000082e00000, 0x0000000084470000, 0x0000000088000000)
  object space 22976K, 99% used [0x0000000082e00000,0x00000000844463f0,0x0000000084470000)
}
Event: 14.657 GC heap before
{Heap before GC invocations=9 (full 0):
 PSYoungGen      total 251968K, used 251665K [0x00000000d8000000, 0x00000000e7dc0000, 0x0000000100000000)
  eden space 245056K, 100% used [0x00000000d8000000,0x00000000e6f50000,0x00000000e6f50000)
  from space 6912K, 95% used [0x00000000e7660000,0x00000000e7cd4728,0x00000000e7d20000)
  to   space 7232K, 0% used [0x00000000e6f50000,0x00000000e6f50000,0x00000000e7660000)
 ParOldGen       total 81920K, used 5255K [0x0000000088000000, 0x000000008d000000, 0x00000000d8000000)
  object space 81920K, 6% used [0x0000000088000000,0x0000000088521c28,0x000000008d000000)
 PSPermGen       total 27200K, used 27120K [0x0000000082e00000, 0x0000000084890000, 0x0000000088000000)
  object space 27200K, 99% used [0x0000000082e00000,0x000000008487c3a8,0x0000000084890000)
Event: 14.691 GC heap after
Heap after GC invocations=9 (full 0):
 PSYoungGen      total 252288K, used 7216K [0x00000000d8000000, 0x00000000f1450000, 0x0000000100000000)
  eden space 245056K, 0% used [0x00000000d8000000,0x00000000d8000000,0x00000000e6f50000)
  from space 7232K, 99% used [0x00000000e6f50000,0x00000000e765c090,0x00000000e7660000)
  to   space 10944K, 0% used [0x00000000f09a0000,0x00000000f09a0000,0x00000000f1450000)
 ParOldGen       total 81920K, used 13333K [0x0000000088000000, 0x000000008d000000, 0x00000000d8000000)
  object space 81920K, 16% used [0x0000000088000000,0x0000000088d05718,0x000000008d000000)
 PSPermGen       total 27200K, used 27120K [0x0000000082e00000, 0x0000000084890000, 0x0000000088000000)
  object space 27200K, 99% used [0x0000000082e00000,0x000000008487c3a8,0x0000000084890000)
}

